<?xml version="1.0" encoding="UTF-8"?>
<testsuite xmlns:xsi="http://www.w3.org/2001/XMLSchema-instance" xsi:noNamespaceSchemaLocation="https://maven.apache.org/surefire/maven-surefire-plugin/xsd/surefire-test-report-3.0.xsd" version="3.0" name="unit.TestCMWebsocketClientImpl" time="0.168" tests="5" errors="0" skipped="0" failures="0">
  <properties>
[...]
</properties>
  <testcase name="checkPriceSymbolPairStream" classname="unit.TestCMWebsocketClientImpl" time="0.035">
    <system-out><![CDATA[2024-04-01 19:29:05.835[1712010545835] | INFO  | main       | c.b.c.f.c.utils.WebSocketConnection  - [Connection 1] Connecting to dstream.binance.com/ws/btcusdt@indexPrice@1s
2024-04-01 19:29:05.857[1712010545857] | INFO  | main       | c.b.c.f.c.utils.WebSocketConnection  - [Connection 2] Connecting to dstream.binance.com/ws/btcusdt@indexPrice
2024-04-01 19:29:05.858[1712010545858] | INFO  | main       | c.b.c.f.c.utils.WebSocketConnection  - [Connection 3] Connecting to dstream.binance.com/ws/btcusdt@indexPriceKline_1
2024-04-01 19:29:05.859[1712010545859] | INFO  | main       | c.b.c.f.c.utils.WebSocketConnection  - [Connection 4] Connecting to dstream.binance.com/ws/btcusdt@markPriceKline_1
2024-04-01 19:29:05.861[1712010545861] | INFO  | main       | c.b.c.f.c.utils.WebSocketConnection  - [Connection 5] Connecting to dstream.binance.com/ws/btcusdt@markPrice@1s
2024-04-01 19:29:05.863[1712010545863] | INFO  | main       | c.b.c.f.c.utils.WebSocketConnection  - [Connection 6] Connecting to dstream.binance.com/ws/btcusdt@markPrice
]]></system-out>
  </testcase>
  <testcase name="checkConnectionCloseById" classname="unit.TestCMWebsocketClientImpl" time="0.027">
    <system-out><![CDATA[2024-04-01 19:29:05.865[1712010545865] | INFO  | main       | c.b.c.f.c.utils.WebSocketConnection  - [Connection 7] Connecting to dstream.binance.com/ws/btcusdt@indexPrice@1s
2024-04-01 19:29:05.867[1712010545867] | INFO  | main       | c.b.c.f.c.utils.WebSocketConnection  - [Connection 8] Connecting to dstream.binance.com/ws/btcusdt@indexPrice
2024-04-01 19:29:05.868[1712010545868] | INFO  | main       | c.b.c.f.c.utils.WebSocketConnection  - [Connection 9] Connecting to dstream.binance.com/ws/btcusdt@indexPriceKline_1
2024-04-01 19:29:05.869[1712010545869] | INFO  | main       | c.b.c.f.c.utils.WebSocketConnection  - [Connection 10] Connecting to dstream.binance.com/ws/btcusdt@markPriceKline_1
2024-04-01 19:29:05.871[1712010545871] | INFO  | main       | c.b.c.f.c.utils.WebSocketConnection  - [Connection 7] Closing connection to dstream.binance.com/ws/btcusdt@indexPrice@1s
2024-04-01 19:29:05.890[1712010545890] | INFO  | main       | c.b.c.f.c.impl.WebsocketClientImpl   - Closing Connection ID 7
]]></system-out>
  </testcase>
  <testcase name="checkCandleList" classname="unit.TestCMWebsocketClientImpl" time="0.033">
    <system-out><![CDATA[2024-04-01 19:29:05.893[1712010545893] | INFO  | main       | c.b.c.f.c.utils.WebSocketConnection  - [Connection 11] Connecting to dstream.binance.com/ws/btcusdt@indexPrice@1s
2024-04-01 19:29:05.897[1712010545897] | INFO  | main       | c.b.c.f.c.utils.WebSocketConnection  - [Connection 12] Connecting to dstream.binance.com/ws/btcusdt@indexPrice
2024-04-01 19:29:05.898[1712010545898] | INFO  | main       | c.b.c.f.c.utils.WebSocketConnection  - [Connection 13] Connecting to dstream.binance.com/ws/btcusdt@indexPriceKline_1
2024-04-01 19:29:05.900[1712010545900] | INFO  | main       | c.b.c.f.c.utils.WebSocketConnection  - [Connection 14] Connecting to dstream.binance.com/ws/btcusdt@markPriceKline_1
]]></system-out>
  </testcase>
  <testcase name="checkConnectionClosedState" classname="unit.TestCMWebsocketClientImpl" time="0.026">
    <system-out><![CDATA[2024-04-01 19:29:05.930[1712010545930] | INFO  | main       | c.b.c.f.c.utils.WebSocketConnection  - [Connection 15] Connecting to dstream.binance.com/ws/btcusdt@indexPrice@1s
2024-04-01 19:29:05.933[1712010545933] | INFO  | main       | c.b.c.f.c.utils.WebSocketConnection  - [Connection 16] Connecting to dstream.binance.com/ws/btcusdt@indexPrice
2024-04-01 19:29:05.934[1712010545934] | INFO  | main       | c.b.c.f.c.utils.WebSocketConnection  - [Connection 17] Connecting to dstream.binance.com/ws/btcusdt@indexPriceKline_1
2024-04-01 19:29:05.936[1712010545936] | INFO  | main       | c.b.c.f.c.utils.WebSocketConnection  - [Connection 18] Connecting to dstream.binance.com/ws/btcusdt@markPriceKline_1
2024-04-01 19:29:05.938[1712010545938] | INFO  | main       | c.b.c.f.c.impl.WebsocketClientImpl   - Closing 4 connections(s)
2024-04-01 19:29:05.941[1712010545941] | INFO  | main       | c.b.c.f.c.utils.WebSocketConnection  - [Connection 16] Closing connection to dstream.binance.com/ws/btcusdt@indexPrice
2024-04-01 19:29:05.943[1712010545943] | INFO  | main       | c.b.c.f.c.utils.WebSocketConnection  - [Connection 17] Closing connection to dstream.binance.com/ws/btcusdt@indexPriceKline_1
2024-04-01 19:29:05.945[1712010545945] | INFO  | main       | c.b.c.f.c.utils.WebSocketConnection  - [Connection 18] Closing connection to dstream.binance.com/ws/btcusdt@markPriceKline_1
2024-04-01 19:29:05.947[1712010545947] | INFO  | main       | c.b.c.f.c.utils.WebSocketConnection  - [Connection 15] Closing connection to dstream.binance.com/ws/btcusdt@indexPrice@1s
2024-04-01 19:29:05.951[1712010545951] | INFO  | main       | c.b.c.f.c.impl.WebsocketClientImpl   - All connections are closed!
]]></system-out>
  </testcase>
  <testcase name="checkIndexPrice" classname="unit.TestCMWebsocketClientImpl" time="0.04">
    <system-out><![CDATA[2024-04-01 19:29:05.955[1712010545955] | INFO  | main       | c.b.c.f.c.utils.WebSocketConnection  - [Connection 19] Connecting to dstream.binance.com/ws/btcusdt@indexPrice@1s
2024-04-01 19:29:05.975[1712010545975] | ERROR | main       | c.b.c.f.c.utils.WebSocketConnection  - [Connection 19] Failure
java.io.InterruptedIOException: executor rejected
	at okhttp3.internal.connection.RealCall$AsyncCall.executeOn(RealCall.kt:501)
	at okhttp3.Dispatcher.promoteAndExecute(Dispatcher.kt:184)
	at okhttp3.Dispatcher.enqueue$okhttp(Dispatcher.kt:125)
	at okhttp3.internal.connection.RealCall.enqueue(RealCall.kt:164)
	at okhttp3.internal.ws.RealWebSocket.connect(RealWebSocket.kt:165)
	at okhttp3.OkHttpClient.newWebSocket(OkHttpClient.kt:281)
	at com.binance.connector.futures.client.utils.WebSocketConnection.connect(WebSocketConnection.java:52)
	at com.binance.connector.futures.client.impl.WebsocketClientImpl.createConnection(WebsocketClientImpl.java:688)
	at com.binance.connector.futures.client.impl.CMWebsocketClientImpl.indexPriceStream(CMWebsocketClientImpl.java:82)
	at com.binance.connector.futures.client.impl.CMWebsocketClientImpl.indexPriceStream(CMWebsocketClientImpl.java:43)
	at unit.TestCMWebsocketClientImpl.indexPriceStream(TestCMWebsocketClientImpl.java:17)
	at unit.TestCMWebsocketClientImpl.<init>(TestCMWebsocketClientImpl.java:59)
	at java.base/jdk.internal.reflect.NativeConstructorAccessorImpl.newInstance0(Native Method)
	at java.base/jdk.internal.reflect.NativeConstructorAccessorImpl.newInstance(NativeConstructorAccessorImpl.java:77)
	at java.base/jdk.internal.reflect.DelegatingConstructorAccessorImpl.newInstance(DelegatingConstructorAccessorImpl.java:45)
	at java.base/java.lang.reflect.Constructor.newInstanceWithCaller(Constructor.java:499)
	at java.base/java.lang.reflect.Constructor.newInstance(Constructor.java:480)
	at org.junit.runners.BlockJUnit4ClassRunner.createTest(BlockJUnit4ClassRunner.java:250)
	at org.junit.runners.BlockJUnit4ClassRunner.createTest(BlockJUnit4ClassRunner.java:260)
	at org.junit.runners.BlockJUnit4ClassRunner$2.runReflectiveCall(BlockJUnit4ClassRunner.java:309)
	at org.junit.internal.runners.model.ReflectiveCallable.run(ReflectiveCallable.java:12)
	at org.junit.runners.BlockJUnit4ClassRunner.methodBlock(BlockJUnit4ClassRunner.java:306)
	at org.junit.runners.BlockJUnit4ClassRunner$1.evaluate(BlockJUnit4ClassRunner.java:100)
	at org.junit.runners.ParentRunner.runLeaf(ParentRunner.java:366)
	at org.junit.runners.BlockJUnit4ClassRunner.runChild(BlockJUnit4ClassRunner.java:103)
	at org.junit.runners.BlockJUnit4ClassRunner.runChild(BlockJUnit4ClassRunner.java:63)
	at org.junit.runners.ParentRunner$4.run(ParentRunner.java:331)
	at org.junit.runners.ParentRunner$1.schedule(ParentRunner.java:79)
	at org.junit.runners.ParentRunner.runChildren(ParentRunner.java:329)
	at org.junit.runners.ParentRunner.access$100(ParentRunner.java:66)
	at org.junit.runners.ParentRunner$2.evaluate(ParentRunner.java:293)
	at org.junit.runners.ParentRunner$3.evaluate(ParentRunner.java:306)
	at org.junit.runners.ParentRunner.run(ParentRunner.java:413)
	at org.junit.runner.JUnitCore.run(JUnitCore.java:137)
	at org.junit.runner.JUnitCore.run(JUnitCore.java:115)
	at org.junit.vintage.engine.execution.RunnerExecutor.execute(RunnerExecutor.java:42)
	at org.junit.vintage.engine.VintageTestEngine.executeAllChildren(VintageTestEngine.java:80)
	at org.junit.vintage.engine.VintageTestEngine.execute(VintageTestEngine.java:72)
	at org.junit.platform.launcher.core.EngineExecutionOrchestrator.execute(EngineExecutionOrchestrator.java:198)
	at org.junit.platform.launcher.core.EngineExecutionOrchestrator.execute(EngineExecutionOrchestrator.java:169)
	at org.junit.platform.launcher.core.EngineExecutionOrchestrator.execute(EngineExecutionOrchestrator.java:93)
	at org.junit.platform.launcher.core.EngineExecutionOrchestrator.lambda$execute$0(EngineExecutionOrchestrator.java:58)
	at org.junit.platform.launcher.core.EngineExecutionOrchestrator.withInterceptedStreams(EngineExecutionOrchestrator.java:141)
	at org.junit.platform.launcher.core.EngineExecutionOrchestrator.execute(EngineExecutionOrchestrator.java:57)
	at org.junit.platform.launcher.core.DefaultLauncher.execute(DefaultLauncher.java:103)
	at org.junit.platform.launcher.core.DefaultLauncher.execute(DefaultLauncher.java:85)
	at org.junit.platform.launcher.core.DelegatingLauncher.execute(DelegatingLauncher.java:47)
	at org.apache.maven.surefire.junitplatform.LazyLauncher.execute(LazyLauncher.java:56)
	at org.apache.maven.surefire.junitplatform.JUnitPlatformProvider.execute(JUnitPlatformProvider.java:184)
	at org.apache.maven.surefire.junitplatform.JUnitPlatformProvider.invokeAllTests(JUnitPlatformProvider.java:148)
	at org.apache.maven.surefire.junitplatform.JUnitPlatformProvider.invoke(JUnitPlatformProvider.java:122)
	at org.apache.maven.surefire.booter.ForkedBooter.runSuitesInProcess(ForkedBooter.java:385)
	at org.apache.maven.surefire.booter.ForkedBooter.execute(ForkedBooter.java:162)
	at org.apache.maven.surefire.booter.ForkedBooter.run(ForkedBooter.java:507)
	at org.apache.maven.surefire.booter.ForkedBooter.main(ForkedBooter.java:495)
Caused by: java.util.concurrent.RejectedExecutionException: Task okhttp3.internal.connection.RealCall$AsyncCall@6aff97d6 rejected from java.util.concurrent.ThreadPoolExecutor@1d60059f[Shutting down, pool size = 18, active threads = 18, queued tasks = 0, completed tasks = 0]
	at java.base/java.util.concurrent.ThreadPoolExecutor$AbortPolicy.rejectedExecution(ThreadPoolExecutor.java:2065)
	at java.base/java.util.concurrent.ThreadPoolExecutor.reject(ThreadPoolExecutor.java:833)
	at java.base/java.util.concurrent.ThreadPoolExecutor.execute(ThreadPoolExecutor.java:1365)
	at okhttp3.internal.connection.RealCall$AsyncCall.executeOn(RealCall.kt:498)
	... 54 common frames omitted
2024-04-01 19:29:05.976[1712010545976] | INFO  | main       | c.b.c.f.c.utils.WebSocketConnection  - [Connection 20] Connecting to dstream.binance.com/ws/btcusdt@indexPrice
2024-04-01 19:29:05.978[1712010545978] | ERROR | main       | c.b.c.f.c.utils.WebSocketConnection  - [Connection 20] Failure
java.io.InterruptedIOException: executor rejected
	at okhttp3.internal.connection.RealCall$AsyncCall.executeOn(RealCall.kt:501)
	at okhttp3.Dispatcher.promoteAndExecute(Dispatcher.kt:184)
	at okhttp3.Dispatcher.enqueue$okhttp(Dispatcher.kt:125)
	at okhttp3.internal.connection.RealCall.enqueue(RealCall.kt:164)
	at okhttp3.internal.ws.RealWebSocket.connect(RealWebSocket.kt:165)
	at okhttp3.OkHttpClient.newWebSocket(OkHttpClient.kt:281)
	at com.binance.connector.futures.client.utils.WebSocketConnection.connect(WebSocketConnection.java:52)
	at com.binance.connector.futures.client.impl.WebsocketClientImpl.createConnection(WebsocketClientImpl.java:688)
	at com.binance.connector.futures.client.impl.CMWebsocketClientImpl.indexPriceStream(CMWebsocketClientImpl.java:82)
	at com.binance.connector.futures.client.impl.CMWebsocketClientImpl.indexPriceStream(CMWebsocketClientImpl.java:43)
	at unit.TestCMWebsocketClientImpl.indexPriceStream(TestCMWebsocketClientImpl.java:17)
	at unit.TestCMWebsocketClientImpl.<init>(TestCMWebsocketClientImpl.java:60)
	at java.base/jdk.internal.reflect.NativeConstructorAccessorImpl.newInstance0(Native Method)
	at java.base/jdk.internal.reflect.NativeConstructorAccessorImpl.newInstance(NativeConstructorAccessorImpl.java:77)
	at java.base/jdk.internal.reflect.DelegatingConstructorAccessorImpl.newInstance(DelegatingConstructorAccessorImpl.java:45)
	at java.base/java.lang.reflect.Constructor.newInstanceWithCaller(Constructor.java:499)
	at java.base/java.lang.reflect.Constructor.newInstance(Constructor.java:480)
	at org.junit.runners.BlockJUnit4ClassRunner.createTest(BlockJUnit4ClassRunner.java:250)
	at org.junit.runners.BlockJUnit4ClassRunner.createTest(BlockJUnit4ClassRunner.java:260)
	at org.junit.runners.BlockJUnit4ClassRunner$2.runReflectiveCall(BlockJUnit4ClassRunner.java:309)
	at org.junit.internal.runners.model.ReflectiveCallable.run(ReflectiveCallable.java:12)
	at org.junit.runners.BlockJUnit4ClassRunner.methodBlock(BlockJUnit4ClassRunner.java:306)
	at org.junit.runners.BlockJUnit4ClassRunner$1.evaluate(BlockJUnit4ClassRunner.java:100)
	at org.junit.runners.ParentRunner.runLeaf(ParentRunner.java:366)
	at org.junit.runners.BlockJUnit4ClassRunner.runChild(BlockJUnit4ClassRunner.java:103)
	at org.junit.runners.BlockJUnit4ClassRunner.runChild(BlockJUnit4ClassRunner.java:63)
	at org.junit.runners.ParentRunner$4.run(ParentRunner.java:331)
	at org.junit.runners.ParentRunner$1.schedule(ParentRunner.java:79)
	at org.junit.runners.ParentRunner.runChildren(ParentRunner.java:329)
	at org.junit.runners.ParentRunner.access$100(ParentRunner.java:66)
	at org.junit.runners.ParentRunner$2.evaluate(ParentRunner.java:293)
	at org.junit.runners.ParentRunner$3.evaluate(ParentRunner.java:306)
	at org.junit.runners.ParentRunner.run(ParentRunner.java:413)
	at org.junit.runner.JUnitCore.run(JUnitCore.java:137)
	at org.junit.runner.JUnitCore.run(JUnitCore.java:115)
	at org.junit.vintage.engine.execution.RunnerExecutor.execute(RunnerExecutor.java:42)
	at org.junit.vintage.engine.VintageTestEngine.executeAllChildren(VintageTestEngine.java:80)
	at org.junit.vintage.engine.VintageTestEngine.execute(VintageTestEngine.java:72)
	at org.junit.platform.launcher.core.EngineExecutionOrchestrator.execute(EngineExecutionOrchestrator.java:198)
	at org.junit.platform.launcher.core.EngineExecutionOrchestrator.execute(EngineExecutionOrchestrator.java:169)
	at org.junit.platform.launcher.core.EngineExecutionOrchestrator.execute(EngineExecutionOrchestrator.java:93)
	at org.junit.platform.launcher.core.EngineExecutionOrchestrator.lambda$execute$0(EngineExecutionOrchestrator.java:58)
	at org.junit.platform.launcher.core.EngineExecutionOrchestrator.withInterceptedStreams(EngineExecutionOrchestrator.java:141)
	at org.junit.platform.launcher.core.EngineExecutionOrchestrator.execute(EngineExecutionOrchestrator.java:57)
	at org.junit.platform.launcher.core.DefaultLauncher.execute(DefaultLauncher.java:103)
	at org.junit.platform.launcher.core.DefaultLauncher.execute(DefaultLauncher.java:85)
	at org.junit.platform.launcher.core.DelegatingLauncher.execute(DelegatingLauncher.java:47)
	at org.apache.maven.surefire.junitplatform.LazyLauncher.execute(LazyLauncher.java:56)
	at org.apache.maven.surefire.junitplatform.JUnitPlatformProvider.execute(JUnitPlatformProvider.java:184)
	at org.apache.maven.surefire.junitplatform.JUnitPlatformProvider.invokeAllTests(JUnitPlatformProvider.java:148)
	at org.apache.maven.surefire.junitplatform.JUnitPlatformProvider.invoke(JUnitPlatformProvider.java:122)
	at org.apache.maven.surefire.booter.ForkedBooter.runSuitesInProcess(ForkedBooter.java:385)
	at org.apache.maven.surefire.booter.ForkedBooter.execute(ForkedBooter.java:162)
	at org.apache.maven.surefire.booter.ForkedBooter.run(ForkedBooter.java:507)
	at org.apache.maven.surefire.booter.ForkedBooter.main(ForkedBooter.java:495)
Caused by: java.util.concurrent.RejectedExecutionException: Task okhttp3.internal.connection.RealCall$AsyncCall@18cf5c52 rejected from java.util.concurrent.ThreadPoolExecutor@1d60059f[Shutting down, pool size = 18, active threads = 18, queued tasks = 0, completed tasks = 0]
	at java.base/java.util.concurrent.ThreadPoolExecutor$AbortPolicy.rejectedExecution(ThreadPoolExecutor.java:2065)
	at java.base/java.util.concurrent.ThreadPoolExecutor.reject(ThreadPoolExecutor.java:833)
	at java.base/java.util.concurrent.ThreadPoolExecutor.execute(ThreadPoolExecutor.java:1365)
	at okhttp3.internal.connection.RealCall$AsyncCall.executeOn(RealCall.kt:498)
	... 54 common frames omitted
2024-04-01 19:29:05.979[1712010545979] | INFO  | main       | c.b.c.f.c.utils.WebSocketConnection  - [Connection 21] Connecting to dstream.binance.com/ws/btcusdt@indexPriceKline_1
2024-04-01 19:29:05.983[1712010545983] | ERROR | main       | c.b.c.f.c.utils.WebSocketConnection  - [Connection 21] Failure
java.io.InterruptedIOException: executor rejected
	at okhttp3.internal.connection.RealCall$AsyncCall.executeOn(RealCall.kt:501)
	at okhttp3.Dispatcher.promoteAndExecute(Dispatcher.kt:184)
	at okhttp3.Dispatcher.enqueue$okhttp(Dispatcher.kt:125)
	at okhttp3.internal.connection.RealCall.enqueue(RealCall.kt:164)
	at okhttp3.internal.ws.RealWebSocket.connect(RealWebSocket.kt:165)
	at okhttp3.OkHttpClient.newWebSocket(OkHttpClient.kt:281)
	at com.binance.connector.futures.client.utils.WebSocketConnection.connect(WebSocketConnection.java:52)
	at com.binance.connector.futures.client.impl.WebsocketClientImpl.createConnection(WebsocketClientImpl.java:688)
	at com.binance.connector.futures.client.impl.CMWebsocketClientImpl.indexKlineCandlestick(CMWebsocketClientImpl.java:155)
	at com.binance.connector.futures.client.impl.CMWebsocketClientImpl.indexKlineCandlestick(CMWebsocketClientImpl.java:138)
	at unit.TestCMWebsocketClientImpl.indexKlineCandlestick(TestCMWebsocketClientImpl.java:37)
	at unit.TestCMWebsocketClientImpl.<init>(TestCMWebsocketClientImpl.java:62)
	at java.base/jdk.internal.reflect.NativeConstructorAccessorImpl.newInstance0(Native Method)
	at java.base/jdk.internal.reflect.NativeConstructorAccessorImpl.newInstance(NativeConstructorAccessorImpl.java:77)
	at java.base/jdk.internal.reflect.DelegatingConstructorAccessorImpl.newInstance(DelegatingConstructorAccessorImpl.java:45)
	at java.base/java.lang.reflect.Constructor.newInstanceWithCaller(Constructor.java:499)
	at java.base/java.lang.reflect.Constructor.newInstance(Constructor.java:480)
	at org.junit.runners.BlockJUnit4ClassRunner.createTest(BlockJUnit4ClassRunner.java:250)
	at org.junit.runners.BlockJUnit4ClassRunner.createTest(BlockJUnit4ClassRunner.java:260)
	at org.junit.runners.BlockJUnit4ClassRunner$2.runReflectiveCall(BlockJUnit4ClassRunner.java:309)
	at org.junit.internal.runners.model.ReflectiveCallable.run(ReflectiveCallable.java:12)
	at org.junit.runners.BlockJUnit4ClassRunner.methodBlock(BlockJUnit4ClassRunner.java:306)
	at org.junit.runners.BlockJUnit4ClassRunner$1.evaluate(BlockJUnit4ClassRunner.java:100)
	at org.junit.runners.ParentRunner.runLeaf(ParentRunner.java:366)
	at org.junit.runners.BlockJUnit4ClassRunner.runChild(BlockJUnit4ClassRunner.java:103)
	at org.junit.runners.BlockJUnit4ClassRunner.runChild(BlockJUnit4ClassRunner.java:63)
	at org.junit.runners.ParentRunner$4.run(ParentRunner.java:331)
	at org.junit.runners.ParentRunner$1.schedule(ParentRunner.java:79)
	at org.junit.runners.ParentRunner.runChildren(ParentRunner.java:329)
	at org.junit.runners.ParentRunner.access$100(ParentRunner.java:66)
	at org.junit.runners.ParentRunner$2.evaluate(ParentRunner.java:293)
	at org.junit.runners.ParentRunner$3.evaluate(ParentRunner.java:306)
	at org.junit.runners.ParentRunner.run(ParentRunner.java:413)
	at org.junit.runner.JUnitCore.run(JUnitCore.java:137)
	at org.junit.runner.JUnitCore.run(JUnitCore.java:115)
	at org.junit.vintage.engine.execution.RunnerExecutor.execute(RunnerExecutor.java:42)
	at org.junit.vintage.engine.VintageTestEngine.executeAllChildren(VintageTestEngine.java:80)
	at org.junit.vintage.engine.VintageTestEngine.execute(VintageTestEngine.java:72)
	at org.junit.platform.launcher.core.EngineExecutionOrchestrator.execute(EngineExecutionOrchestrator.java:198)
	at org.junit.platform.launcher.core.EngineExecutionOrchestrator.execute(EngineExecutionOrchestrator.java:169)
	at org.junit.platform.launcher.core.EngineExecutionOrchestrator.execute(EngineExecutionOrchestrator.java:93)
	at org.junit.platform.launcher.core.EngineExecutionOrchestrator.lambda$execute$0(EngineExecutionOrchestrator.java:58)
	at org.junit.platform.launcher.core.EngineExecutionOrchestrator.withInterceptedStreams(EngineExecutionOrchestrator.java:141)
	at org.junit.platform.launcher.core.EngineExecutionOrchestrator.execute(EngineExecutionOrchestrator.java:57)
	at org.junit.platform.launcher.core.DefaultLauncher.execute(DefaultLauncher.java:103)
	at org.junit.platform.launcher.core.DefaultLauncher.execute(DefaultLauncher.java:85)
	at org.junit.platform.launcher.core.DelegatingLauncher.execute(DelegatingLauncher.java:47)
	at org.apache.maven.surefire.junitplatform.LazyLauncher.execute(LazyLauncher.java:56)
	at org.apache.maven.surefire.junitplatform.JUnitPlatformProvider.execute(JUnitPlatformProvider.java:184)
	at org.apache.maven.surefire.junitplatform.JUnitPlatformProvider.invokeAllTests(JUnitPlatformProvider.java:148)
	at org.apache.maven.surefire.junitplatform.JUnitPlatformProvider.invoke(JUnitPlatformProvider.java:122)
	at org.apache.maven.surefire.booter.ForkedBooter.runSuitesInProcess(ForkedBooter.java:385)
	at org.apache.maven.surefire.booter.ForkedBooter.execute(ForkedBooter.java:162)
	at org.apache.maven.surefire.booter.ForkedBooter.run(ForkedBooter.java:507)
	at org.apache.maven.surefire.booter.ForkedBooter.main(ForkedBooter.java:495)
Caused by: java.util.concurrent.RejectedExecutionException: Task okhttp3.internal.connection.RealCall$AsyncCall@20a3e10c rejected from java.util.concurrent.ThreadPoolExecutor@1d60059f[Shutting down, pool size = 18, active threads = 18, queued tasks = 0, completed tasks = 0]
	at java.base/java.util.concurrent.ThreadPoolExecutor$AbortPolicy.rejectedExecution(ThreadPoolExecutor.java:2065)
	at java.base/java.util.concurrent.ThreadPoolExecutor.reject(ThreadPoolExecutor.java:833)
	at java.base/java.util.concurrent.ThreadPoolExecutor.execute(ThreadPoolExecutor.java:1365)
	at okhttp3.internal.connection.RealCall$AsyncCall.executeOn(RealCall.kt:498)
	... 54 common frames omitted
2024-04-01 19:29:05.984[1712010545984] | INFO  | main       | c.b.c.f.c.utils.WebSocketConnection  - [Connection 22] Connecting to dstream.binance.com/ws/btcusdt@markPriceKline_1
2024-04-01 19:29:05.988[1712010545988] | ERROR | main       | c.b.c.f.c.utils.WebSocketConnection  - [Connection 22] Failure
java.io.InterruptedIOException: executor rejected
	at okhttp3.internal.connection.RealCall$AsyncCall.executeOn(RealCall.kt:501)
	at okhttp3.Dispatcher.promoteAndExecute(Dispatcher.kt:184)
	at okhttp3.Dispatcher.enqueue$okhttp(Dispatcher.kt:125)
	at okhttp3.internal.connection.RealCall.enqueue(RealCall.kt:164)
	at okhttp3.internal.ws.RealWebSocket.connect(RealWebSocket.kt:165)
	at okhttp3.OkHttpClient.newWebSocket(OkHttpClient.kt:281)
	at com.binance.connector.futures.client.utils.WebSocketConnection.connect(WebSocketConnection.java:52)
	at com.binance.connector.futures.client.impl.WebsocketClientImpl.createConnection(WebsocketClientImpl.java:688)
	at com.binance.connector.futures.client.impl.CMWebsocketClientImpl.markKlineCandlestick(CMWebsocketClientImpl.java:191)
	at com.binance.connector.futures.client.impl.CMWebsocketClientImpl.markKlineCandlestick(CMWebsocketClientImpl.java:174)
	at unit.TestCMWebsocketClientImpl.markKlineCandlestick(TestCMWebsocketClientImpl.java:42)
	at unit.TestCMWebsocketClientImpl.<init>(TestCMWebsocketClientImpl.java:62)
	at java.base/jdk.internal.reflect.NativeConstructorAccessorImpl.newInstance0(Native Method)
	at java.base/jdk.internal.reflect.NativeConstructorAccessorImpl.newInstance(NativeConstructorAccessorImpl.java:77)
	at java.base/jdk.internal.reflect.DelegatingConstructorAccessorImpl.newInstance(DelegatingConstructorAccessorImpl.java:45)
	at java.base/java.lang.reflect.Constructor.newInstanceWithCaller(Constructor.java:499)
	at java.base/java.lang.reflect.Constructor.newInstance(Constructor.java:480)
	at org.junit.runners.BlockJUnit4ClassRunner.createTest(BlockJUnit4ClassRunner.java:250)
	at org.junit.runners.BlockJUnit4ClassRunner.createTest(BlockJUnit4ClassRunner.java:260)
	at org.junit.runners.BlockJUnit4ClassRunner$2.runReflectiveCall(BlockJUnit4ClassRunner.java:309)
	at org.junit.internal.runners.model.ReflectiveCallable.run(ReflectiveCallable.java:12)
	at org.junit.runners.BlockJUnit4ClassRunner.methodBlock(BlockJUnit4ClassRunner.java:306)
	at org.junit.runners.BlockJUnit4ClassRunner$1.evaluate(BlockJUnit4ClassRunner.java:100)
	at org.junit.runners.ParentRunner.runLeaf(ParentRunner.java:366)
	at org.junit.runners.BlockJUnit4ClassRunner.runChild(BlockJUnit4ClassRunner.java:103)
	at org.junit.runners.BlockJUnit4ClassRunner.runChild(BlockJUnit4ClassRunner.java:63)
	at org.junit.runners.ParentRunner$4.run(ParentRunner.java:331)
	at org.junit.runners.ParentRunner$1.schedule(ParentRunner.java:79)
	at org.junit.runners.ParentRunner.runChildren(ParentRunner.java:329)
	at org.junit.runners.ParentRunner.access$100(ParentRunner.java:66)
	at org.junit.runners.ParentRunner$2.evaluate(ParentRunner.java:293)
	at org.junit.runners.ParentRunner$3.evaluate(ParentRunner.java:306)
	at org.junit.runners.ParentRunner.run(ParentRunner.java:413)
	at org.junit.runner.JUnitCore.run(JUnitCore.java:137)
	at org.junit.runner.JUnitCore.run(JUnitCore.java:115)
	at org.junit.vintage.engine.execution.RunnerExecutor.execute(RunnerExecutor.java:42)
	at org.junit.vintage.engine.VintageTestEngine.executeAllChildren(VintageTestEngine.java:80)
	at org.junit.vintage.engine.VintageTestEngine.execute(VintageTestEngine.java:72)
	at org.junit.platform.launcher.core.EngineExecutionOrchestrator.execute(EngineExecutionOrchestrator.java:198)
	at org.junit.platform.launcher.core.EngineExecutionOrchestrator.execute(EngineExecutionOrchestrator.java:169)
	at org.junit.platform.launcher.core.EngineExecutionOrchestrator.execute(EngineExecutionOrchestrator.java:93)
	at org.junit.platform.launcher.core.EngineExecutionOrchestrator.lambda$execute$0(EngineExecutionOrchestrator.java:58)
	at org.junit.platform.launcher.core.EngineExecutionOrchestrator.withInterceptedStreams(EngineExecutionOrchestrator.java:141)
	at org.junit.platform.launcher.core.EngineExecutionOrchestrator.execute(EngineExecutionOrchestrator.java:57)
	at org.junit.platform.launcher.core.DefaultLauncher.execute(DefaultLauncher.java:103)
	at org.junit.platform.launcher.core.DefaultLauncher.execute(DefaultLauncher.java:85)
	at org.junit.platform.launcher.core.DelegatingLauncher.execute(DelegatingLauncher.java:47)
	at org.apache.maven.surefire.junitplatform.LazyLauncher.execute(LazyLauncher.java:56)
	at org.apache.maven.surefire.junitplatform.JUnitPlatformProvider.execute(JUnitPlatformProvider.java:184)
	at org.apache.maven.surefire.junitplatform.JUnitPlatformProvider.invokeAllTests(JUnitPlatformProvider.java:148)
	at org.apache.maven.surefire.junitplatform.JUnitPlatformProvider.invoke(JUnitPlatformProvider.java:122)
	at org.apache.maven.surefire.booter.ForkedBooter.runSuitesInProcess(ForkedBooter.java:385)
	at org.apache.maven.surefire.booter.ForkedBooter.execute(ForkedBooter.java:162)
	at org.apache.maven.surefire.booter.ForkedBooter.run(ForkedBooter.java:507)
	at org.apache.maven.surefire.booter.ForkedBooter.main(ForkedBooter.java:495)
Caused by: java.util.concurrent.RejectedExecutionException: Task okhttp3.internal.connection.RealCall$AsyncCall@5002fde9 rejected from java.util.concurrent.ThreadPoolExecutor@1d60059f[Shutting down, pool size = 18, active threads = 18, queued tasks = 0, completed tasks = 0]
	at java.base/java.util.concurrent.ThreadPoolExecutor$AbortPolicy.rejectedExecution(ThreadPoolExecutor.java:2065)
	at java.base/java.util.concurrent.ThreadPoolExecutor.reject(ThreadPoolExecutor.java:833)
	at java.base/java.util.concurrent.ThreadPoolExecutor.execute(ThreadPoolExecutor.java:1365)
	at okhttp3.internal.connection.RealCall$AsyncCall.executeOn(RealCall.kt:498)
	... 54 common frames omitted
2024-04-01 19:29:05.993[1712010545993] | INFO  | main       | c.b.c.f.c.utils.WebSocketConnection  - [Connection 23] Connecting to dstream.binance.com/ws/btcusdt@indexPrice@1s
2024-04-01 19:29:05.995[1712010545995] | ERROR | main       | c.b.c.f.c.utils.WebSocketConnection  - [Connection 23] Failure
java.io.InterruptedIOException: executor rejected
	at okhttp3.internal.connection.RealCall$AsyncCall.executeOn(RealCall.kt:501)
	at okhttp3.Dispatcher.promoteAndExecute(Dispatcher.kt:184)
	at okhttp3.Dispatcher.enqueue$okhttp(Dispatcher.kt:125)
	at okhttp3.internal.connection.RealCall.enqueue(RealCall.kt:164)
	at okhttp3.internal.ws.RealWebSocket.connect(RealWebSocket.kt:165)
	at okhttp3.OkHttpClient.newWebSocket(OkHttpClient.kt:281)
	at com.binance.connector.futures.client.utils.WebSocketConnection.connect(WebSocketConnection.java:52)
	at com.binance.connector.futures.client.impl.WebsocketClientImpl.createConnection(WebsocketClientImpl.java:688)
	at com.binance.connector.futures.client.impl.CMWebsocketClientImpl.indexPriceStream(CMWebsocketClientImpl.java:82)
	at com.binance.connector.futures.client.impl.CMWebsocketClientImpl.indexPriceStream(CMWebsocketClientImpl.java:43)
	at unit.TestCMWebsocketClientImpl.indexPriceStream(TestCMWebsocketClientImpl.java:17)
	at unit.TestCMWebsocketClientImpl.checkIndexPrice(TestCMWebsocketClientImpl.java:73)
	at java.base/jdk.internal.reflect.NativeMethodAccessorImpl.invoke0(Native Method)
	at java.base/jdk.internal.reflect.NativeMethodAccessorImpl.invoke(NativeMethodAccessorImpl.java:77)
	at java.base/jdk.internal.reflect.DelegatingMethodAccessorImpl.invoke(DelegatingMethodAccessorImpl.java:43)
	at java.base/java.lang.reflect.Method.invoke(Method.java:568)
	at org.junit.runners.model.FrameworkMethod$1.runReflectiveCall(FrameworkMethod.java:59)
	at org.junit.internal.runners.model.ReflectiveCallable.run(ReflectiveCallable.java:12)
	at org.junit.runners.model.FrameworkMethod.invokeExplosively(FrameworkMethod.java:56)
	at org.junit.internal.runners.statements.InvokeMethod.evaluate(InvokeMethod.java:17)
	at org.junit.runners.ParentRunner$3.evaluate(ParentRunner.java:306)
	at org.junit.runners.BlockJUnit4ClassRunner$1.evaluate(BlockJUnit4ClassRunner.java:100)
	at org.junit.runners.ParentRunner.runLeaf(ParentRunner.java:366)
	at org.junit.runners.BlockJUnit4ClassRunner.runChild(BlockJUnit4ClassRunner.java:103)
	at org.junit.runners.BlockJUnit4ClassRunner.runChild(BlockJUnit4ClassRunner.java:63)
	at org.junit.runners.ParentRunner$4.run(ParentRunner.java:331)
	at org.junit.runners.ParentRunner$1.schedule(ParentRunner.java:79)
	at org.junit.runners.ParentRunner.runChildren(ParentRunner.java:329)
	at org.junit.runners.ParentRunner.access$100(ParentRunner.java:66)
	at org.junit.runners.ParentRunner$2.evaluate(ParentRunner.java:293)
	at org.junit.runners.ParentRunner$3.evaluate(ParentRunner.java:306)
	at org.junit.runners.ParentRunner.run(ParentRunner.java:413)
	at org.junit.runner.JUnitCore.run(JUnitCore.java:137)
	at org.junit.runner.JUnitCore.run(JUnitCore.java:115)
	at org.junit.vintage.engine.execution.RunnerExecutor.execute(RunnerExecutor.java:42)
	at org.junit.vintage.engine.VintageTestEngine.executeAllChildren(VintageTestEngine.java:80)
	at org.junit.vintage.engine.VintageTestEngine.execute(VintageTestEngine.java:72)
	at org.junit.platform.launcher.core.EngineExecutionOrchestrator.execute(EngineExecutionOrchestrator.java:198)
	at org.junit.platform.launcher.core.EngineExecutionOrchestrator.execute(EngineExecutionOrchestrator.java:169)
	at org.junit.platform.launcher.core.EngineExecutionOrchestrator.execute(EngineExecutionOrchestrator.java:93)
	at org.junit.platform.launcher.core.EngineExecutionOrchestrator.lambda$execute$0(EngineExecutionOrchestrator.java:58)
	at org.junit.platform.launcher.core.EngineExecutionOrchestrator.withInterceptedStreams(EngineExecutionOrchestrator.java:141)
	at org.junit.platform.launcher.core.EngineExecutionOrchestrator.execute(EngineExecutionOrchestrator.java:57)
	at org.junit.platform.launcher.core.DefaultLauncher.execute(DefaultLauncher.java:103)
	at org.junit.platform.launcher.core.DefaultLauncher.execute(DefaultLauncher.java:85)
	at org.junit.platform.launcher.core.DelegatingLauncher.execute(DelegatingLauncher.java:47)
	at org.apache.maven.surefire.junitplatform.LazyLauncher.execute(LazyLauncher.java:56)
	at org.apache.maven.surefire.junitplatform.JUnitPlatformProvider.execute(JUnitPlatformProvider.java:184)
	at org.apache.maven.surefire.junitplatform.JUnitPlatformProvider.invokeAllTests(JUnitPlatformProvider.java:148)
	at org.apache.maven.surefire.junitplatform.JUnitPlatformProvider.invoke(JUnitPlatformProvider.java:122)
	at org.apache.maven.surefire.booter.ForkedBooter.runSuitesInProcess(ForkedBooter.java:385)
	at org.apache.maven.surefire.booter.ForkedBooter.execute(ForkedBooter.java:162)
	at org.apache.maven.surefire.booter.ForkedBooter.run(ForkedBooter.java:507)
	at org.apache.maven.surefire.booter.ForkedBooter.main(ForkedBooter.java:495)
Caused by: java.util.concurrent.RejectedExecutionException: Task okhttp3.internal.connection.RealCall$AsyncCall@409732fb rejected from java.util.concurrent.ThreadPoolExecutor@1d60059f[Shutting down, pool size = 18, active threads = 18, queued tasks = 0, completed tasks = 0]
	at java.base/java.util.concurrent.ThreadPoolExecutor$AbortPolicy.rejectedExecution(ThreadPoolExecutor.java:2065)
	at java.base/java.util.concurrent.ThreadPoolExecutor.reject(ThreadPoolExecutor.java:833)
	at java.base/java.util.concurrent.ThreadPoolExecutor.execute(ThreadPoolExecutor.java:1365)
	at okhttp3.internal.connection.RealCall$AsyncCall.executeOn(RealCall.kt:498)
	... 53 common frames omitted
]]></system-out>
  </testcase>
</testsuite>