<?xml version="1.0" encoding="UTF-8"?>
<testsuite xmlns:xsi="http://www.w3.org/2001/XMLSchema-instance" xsi:noNamespaceSchemaLocation="https://maven.apache.org/surefire/maven-surefire-plugin/xsd/surefire-test-report-3.0.xsd" version="3.0" name="unit.TestUrlBuilder" time="0.001" tests="7" errors="0" skipped="0" failures="0">
  <properties>
[...]
</properties>
  <testcase name="testBuildFullUrl" classname="unit.TestUrlBuilder" time="0.0"/>
  <testcase name="testJoinLargeQueryParameters" classname="unit.TestUrlBuilder" time="0.0"/>
  <testcase name="testBuildStreamUrl" classname="unit.TestUrlBuilder" time="0.0"/>
  <testcase name="testJoinQueryParametersWithLocaleIT" classname="unit.TestUrlBuilder" time="0.0"/>
  <testcase name="testJoinQueryParameters" classname="unit.TestUrlBuilder" time="0.0"/>
  <testcase name="testJoinQueryParametersWithoutParams" classname="unit.TestUrlBuilder" time="0.001"/>
  <testcase name="testBuildFullUrlWithoutParams" classname="unit.TestUrlBuilder" time="0.0"/>
</testsuite>