-------------------------------------------------------------------------------
Test set: unit.um_futures.account.TestUMCancelMultipleOrders
-------------------------------------------------------------------------------
Tests run: 2, Failures: 2, Errors: 0, Skipped: 0, Time elapsed: 0.018 s <<< FAILURE! -- in unit.um_futures.account.TestUMCancelMultipleOrders
unit.um_futures.account.TestUMCancelMultipleOrders.testCancelMultipleOrdersWithoutSymbol -- Time elapsed: 0.007 s <<< FAILURE!
java.lang.AssertionError: unexpected exception type thrown; expected:<com.binance.connector.futures.client.exceptions.BinanceConnectorException> but was:<java.lang.NoSuchMethodError>
	at org.junit.Assert.assertThrows(Assert.java:1020)
	at org.junit.Assert.assertThrows(Assert.java:981)
	at unit.um_futures.account.TestUMCancelMultipleOrders.testCancelMultipleOrdersWithoutSymbol(TestUMCancelMultipleOrders.java:37)
	at java.base/java.lang.reflect.Method.invoke(Method.java:568)
Caused by: java.lang.NoSuchMethodError: 'com.binance.connector.futures.client.impl.um_futures.UMAccount com.binance.connector.futures.client.impl.UMFuturesClientImpl.account()'
	at unit.um_futures.account.TestUMCancelMultipleOrders.lambda$testCancelMultipleOrdersWithoutSymbol$0(TestUMCancelMultipleOrders.java:37)
	at org.junit.Assert.assertThrows(Assert.java:1001)
	... 3 more

unit.um_futures.account.TestUMCancelMultipleOrders.testCancelMultipleOrdersWithoutOrderIdList -- Time elapsed: 0.007 s <<< FAILURE!
java.lang.AssertionError: unexpected exception type thrown; expected:<com.binance.connector.futures.client.exceptions.BinanceClientException> but was:<java.lang.NoSuchMethodError>
	at org.junit.Assert.assertThrows(Assert.java:1020)
	at org.junit.Assert.assertThrows(Assert.java:981)
	at unit.um_futures.account.TestUMCancelMultipleOrders.testCancelMultipleOrdersWithoutOrderIdList(TestUMCancelMultipleOrders.java:51)
	at java.base/java.lang.reflect.Method.invoke(Method.java:568)
Caused by: java.lang.NoSuchMethodError: 'com.binance.connector.futures.client.impl.um_futures.UMAccount com.binance.connector.futures.client.impl.UMFuturesClientImpl.account()'
	at unit.um_futures.account.TestUMCancelMultipleOrders.lambda$testCancelMultipleOrdersWithoutOrderIdList$1(TestUMCancelMultipleOrders.java:51)
	at org.junit.Assert.assertThrows(Assert.java:1001)
	... 3 more

