-------------------------------------------------------------------------------
Test set: unit.um_futures.account.TestUMDownloadIdForFuturesTransactionHistory
-------------------------------------------------------------------------------
Tests run: 2, Failures: 0, Errors: 2, Skipped: 0, Time elapsed: 0.015 s <<< FAILURE! -- in unit.um_futures.account.TestUMDownloadIdForFuturesTransactionHistory
unit.um_futures.account.TestUMDownloadIdForFuturesTransactionHistory.testDownloadIdForFuturesTransactionHistoryWithParameters -- Time elapsed: 0.011 s <<< ERROR!
java.lang.NoSuchMethodError: 'com.binance.connector.futures.client.impl.um_futures.UMAccount com.binance.connector.futures.client.impl.UMFuturesClientImpl.account()'
	at unit.um_futures.account.TestUMDownloadIdForFuturesTransactionHistory.testDownloadIdForFuturesTransactionHistoryWithParameters(TestUMDownloadIdForFuturesTransactionHistory.java:51)
	at java.base/java.lang.reflect.Method.invoke(Method.java:568)

unit.um_futures.account.TestUMDownloadIdForFuturesTransactionHistory.testDownloadIdForFuturesTransactionHistoryWithoutParameters -- Time elapsed: 0.002 s <<< ERROR!
java.lang.NoSuchMethodError: 'com.binance.connector.futures.client.impl.um_futures.UMAccount com.binance.connector.futures.client.impl.UMFuturesClientImpl.account()'
	at unit.um_futures.account.TestUMDownloadIdForFuturesTransactionHistory.testDownloadIdForFuturesTransactionHistoryWithoutParameters(TestUMDownloadIdForFuturesTransactionHistory.java:36)
	at java.base/java.lang.reflect.Method.invoke(Method.java:568)

