-------------------------------------------------------------------------------
Test set: unit.um_futures.account.TestUMCancelOrder
-------------------------------------------------------------------------------
Tests run: 3, Failures: 2, Errors: 1, Skipped: 0, Time elapsed: 0.015 s <<< FAILURE! -- in unit.um_futures.account.TestUMCancelOrder
unit.um_futures.account.TestUMCancelOrder.testCancelOrderWithoutOrderId -- Time elapsed: 0.004 s <<< FAILURE!
java.lang.AssertionError: unexpected exception type thrown; expected:<com.binance.connector.futures.client.exceptions.BinanceClientException> but was:<java.lang.NoSuchMethodError>
	at org.junit.Assert.assertThrows(Assert.java:1020)
	at org.junit.Assert.assertThrows(Assert.java:981)
	at unit.um_futures.account.TestUMCancelOrder.testCancelOrderWithoutOrderId(TestUMCancelOrder.java:53)
	at java.base/java.lang.reflect.Method.invoke(Method.java:568)
Caused by: java.lang.NoSuchMethodError: 'com.binance.connector.futures.client.impl.um_futures.UMAccount com.binance.connector.futures.client.impl.UMFuturesClientImpl.account()'
	at unit.um_futures.account.TestUMCancelOrder.lambda$testCancelOrderWithoutOrderId$1(TestUMCancelOrder.java:53)
	at org.junit.Assert.assertThrows(Assert.java:1001)
	... 3 more

unit.um_futures.account.TestUMCancelOrder.testCancelOrderWithoutSymbol -- Time elapsed: 0.003 s <<< FAILURE!
java.lang.AssertionError: unexpected exception type thrown; expected:<com.binance.connector.futures.client.exceptions.BinanceConnectorException> but was:<java.lang.NoSuchMethodError>
	at org.junit.Assert.assertThrows(Assert.java:1020)
	at org.junit.Assert.assertThrows(Assert.java:981)
	at unit.um_futures.account.TestUMCancelOrder.testCancelOrderWithoutSymbol(TestUMCancelOrder.java:39)
	at java.base/java.lang.reflect.Method.invoke(Method.java:568)
Caused by: java.lang.NoSuchMethodError: 'com.binance.connector.futures.client.impl.um_futures.UMAccount com.binance.connector.futures.client.impl.UMFuturesClientImpl.account()'
	at unit.um_futures.account.TestUMCancelOrder.lambda$testCancelOrderWithoutSymbol$0(TestUMCancelOrder.java:39)
	at org.junit.Assert.assertThrows(Assert.java:1001)
	... 3 more

unit.um_futures.account.TestUMCancelOrder.testCancelOrder -- Time elapsed: 0.003 s <<< ERROR!
java.lang.NoSuchMethodError: 'com.binance.connector.futures.client.impl.um_futures.UMAccount com.binance.connector.futures.client.impl.UMFuturesClientImpl.account()'
	at unit.um_futures.account.TestUMCancelOrder.testCancelOrder(TestUMCancelOrder.java:68)
	at java.base/java.lang.reflect.Method.invoke(Method.java:568)

