-------------------------------------------------------------------------------
Test set: unit.um_futures.account.TestUMPositionAdlQuantileEstimation
-------------------------------------------------------------------------------
Tests run: 2, Failures: 0, Errors: 2, Skipped: 0, Time elapsed: 0.005 s <<< FAILURE! -- in unit.um_futures.account.TestUMPositionAdlQuantileEstimation
unit.um_futures.account.TestUMPositionAdlQuantileEstimation.testPositionAdlQuantileEstimationNoSymbol -- Time elapsed: 0.001 s <<< ERROR!
java.lang.NoSuchMethodError: 'com.binance.connector.futures.client.impl.um_futures.UMAccount com.binance.connector.futures.client.impl.UMFuturesClientImpl.account()'
	at unit.um_futures.account.TestUMPositionAdlQuantileEstimation.testPositionAdlQuantileEstimationNoSymbol(TestUMPositionAdlQuantileEstimation.java:33)
	at java.base/java.lang.reflect.Method.invoke(Method.java:568)

unit.um_futures.account.TestUMPositionAdlQuantileEstimation.testPositionAdlQuantileEstimation -- Time elapsed: 0.002 s <<< ERROR!
java.lang.NoSuchMethodError: 'com.binance.connector.futures.client.impl.um_futures.UMAccount com.binance.connector.futures.client.impl.UMFuturesClientImpl.account()'
	at unit.um_futures.account.TestUMPositionAdlQuantileEstimation.testPositionAdlQuantileEstimation(TestUMPositionAdlQuantileEstimation.java:47)
	at java.base/java.lang.reflect.Method.invoke(Method.java:568)

