-------------------------------------------------------------------------------
Test set: unit.um_futures.account.TestUMAccountTradeList
-------------------------------------------------------------------------------
Tests run: 2, Failures: 1, Errors: 1, Skipped: 0, Time elapsed: 0.009 s <<< FAILURE! -- in unit.um_futures.account.TestUMAccountTradeList
unit.um_futures.account.TestUMAccountTradeList.testAccountTradeList -- Time elapsed: 0.002 s <<< ERROR!
java.lang.NoSuchMethodError: 'com.binance.connector.futures.client.impl.um_futures.UMAccount com.binance.connector.futures.client.impl.UMFuturesClientImpl.account()'
	at unit.um_futures.account.TestUMAccountTradeList.testAccountTradeList(TestUMAccountTradeList.java:48)
	at java.base/java.lang.reflect.Method.invoke(Method.java:568)

unit.um_futures.account.TestUMAccountTradeList.testAccountTradeListWithoutSymbol -- Time elapsed: 0.004 s <<< FAILURE!
java.lang.AssertionError: unexpected exception type thrown; expected:<com.binance.connector.futures.client.exceptions.BinanceConnectorException> but was:<java.lang.NoSuchMethodError>
	at org.junit.Assert.assertThrows(Assert.java:1020)
	at org.junit.Assert.assertThrows(Assert.java:981)
	at unit.um_futures.account.TestUMAccountTradeList.testAccountTradeListWithoutSymbol(TestUMAccountTradeList.java:35)
	at java.base/java.lang.reflect.Method.invoke(Method.java:568)
Caused by: java.lang.NoSuchMethodError: 'com.binance.connector.futures.client.impl.um_futures.UMAccount com.binance.connector.futures.client.impl.UMFuturesClientImpl.account()'
	at unit.um_futures.account.TestUMAccountTradeList.lambda$testAccountTradeListWithoutSymbol$0(TestUMAccountTradeList.java:35)
	at org.junit.Assert.assertThrows(Assert.java:1001)
	... 3 more

