-------------------------------------------------------------------------------
Test set: unit.um_futures.account.TestUMChangeInitialLeverage
-------------------------------------------------------------------------------
Tests run: 2, Failures: 1, Errors: 1, Skipped: 0, Time elapsed: 0.011 s <<< FAILURE! -- in unit.um_futures.account.TestUMChangeInitialLeverage
unit.um_futures.account.TestUMChangeInitialLeverage.testChangeInitialLeverage -- Time elapsed: 0.004 s <<< ERROR!
java.lang.NoSuchMethodError: 'com.binance.connector.futures.client.impl.um_futures.UMAccount com.binance.connector.futures.client.impl.UMFuturesClientImpl.account()'
	at unit.um_futures.account.TestUMChangeInitialLeverage.testChangeInitialLeverage(TestUMChangeInitialLeverage.java:51)
	at java.base/java.lang.reflect.Method.invoke(Method.java:568)

unit.um_futures.account.TestUMChangeInitialLeverage.testChangeInitialLeverageWithoutParameters -- Time elapsed: 0.004 s <<< FAILURE!
java.lang.AssertionError: unexpected exception type thrown; expected:<com.binance.connector.futures.client.exceptions.BinanceConnectorException> but was:<java.lang.NoSuchMethodError>
	at org.junit.Assert.assertThrows(Assert.java:1020)
	at org.junit.Assert.assertThrows(Assert.java:981)
	at unit.um_futures.account.TestUMChangeInitialLeverage.testChangeInitialLeverageWithoutParameters(TestUMChangeInitialLeverage.java:37)
	at java.base/java.lang.reflect.Method.invoke(Method.java:568)
Caused by: java.lang.NoSuchMethodError: 'com.binance.connector.futures.client.impl.um_futures.UMAccount com.binance.connector.futures.client.impl.UMFuturesClientImpl.account()'
	at unit.um_futures.account.TestUMChangeInitialLeverage.lambda$testChangeInitialLeverageWithoutParameters$0(TestUMChangeInitialLeverage.java:37)
	at org.junit.Assert.assertThrows(Assert.java:1001)
	... 3 more

