-------------------------------------------------------------------------------
Test set: unit.um_futures.account.TestUMFuturesAccountBalance
-------------------------------------------------------------------------------
Tests run: 1, Failures: 0, Errors: 1, Skipped: 0, Time elapsed: 0.009 s <<< FAILURE! -- in unit.um_futures.account.TestUMFuturesAccountBalance
unit.um_futures.account.TestUMFuturesAccountBalance.testFuturesAccountBalance -- Time elapsed: 0.005 s <<< ERROR!
java.lang.NoSuchMethodError: 'com.binance.connector.futures.client.impl.um_futures.UMAccount com.binance.connector.futures.client.impl.UMFuturesClientImpl.account()'
	at unit.um_futures.account.TestUMFuturesAccountBalance.testFuturesAccountBalance(TestUMFuturesAccountBalance.java:33)
	at java.base/java.lang.reflect.Method.invoke(Method.java:568)

