-------------------------------------------------------------------------------
Test set: unit.um_futures.account.TestUMQueryOrder
-------------------------------------------------------------------------------
Tests run: 4, Failures: 2, Errors: 2, Skipped: 0, Time elapsed: 0.013 s <<< FAILURE! -- in unit.um_futures.account.TestUMQueryOrder
unit.um_futures.account.TestUMQueryOrder.testQueryOrderWithoutSymbol -- Time elapsed: 0.005 s <<< FAILURE!
java.lang.AssertionError: unexpected exception type thrown; expected:<com.binance.connector.futures.client.exceptions.BinanceConnectorException> but was:<java.lang.NoSuchMethodError>
	at org.junit.Assert.assertThrows(Assert.java:1020)
	at org.junit.Assert.assertThrows(Assert.java:981)
	at unit.um_futures.account.TestUMQueryOrder.testQueryOrderWithoutSymbol(TestUMQueryOrder.java:36)
	at java.base/java.lang.reflect.Method.invoke(Method.java:568)
Caused by: java.lang.NoSuchMethodError: 'com.binance.connector.futures.client.impl.um_futures.UMAccount com.binance.connector.futures.client.impl.UMFuturesClientImpl.account()'
	at unit.um_futures.account.TestUMQueryOrder.lambda$testQueryOrderWithoutSymbol$0(TestUMQueryOrder.java:36)
	at org.junit.Assert.assertThrows(Assert.java:1001)
	... 3 more

unit.um_futures.account.TestUMQueryOrder.testQueryOrder -- Time elapsed: 0.003 s <<< FAILURE!
java.lang.AssertionError: unexpected exception type thrown; expected:<com.binance.connector.futures.client.exceptions.BinanceConnectorException> but was:<java.lang.NoSuchMethodError>
	at org.junit.Assert.assertThrows(Assert.java:1020)
	at org.junit.Assert.assertThrows(Assert.java:981)
	at unit.um_futures.account.TestUMQueryOrder.testQueryOrder(TestUMQueryOrder.java:49)
	at java.base/java.lang.reflect.Method.invoke(Method.java:568)
Caused by: java.lang.NoSuchMethodError: 'com.binance.connector.futures.client.impl.um_futures.UMAccount com.binance.connector.futures.client.impl.UMFuturesClientImpl.account()'
	at unit.um_futures.account.TestUMQueryOrder.lambda$testQueryOrder$1(TestUMQueryOrder.java:49)
	at org.junit.Assert.assertThrows(Assert.java:1001)
	... 3 more

unit.um_futures.account.TestUMQueryOrder.testQueryOrderWithOrderId -- Time elapsed: 0.002 s <<< ERROR!
java.lang.NoSuchMethodError: 'com.binance.connector.futures.client.impl.um_futures.UMAccount com.binance.connector.futures.client.impl.UMFuturesClientImpl.account()'
	at unit.um_futures.account.TestUMQueryOrder.testQueryOrderWithOrderId(TestUMQueryOrder.java:63)
	at java.base/java.lang.reflect.Method.invoke(Method.java:568)

unit.um_futures.account.TestUMQueryOrder.testQueryOrderWithOrigClientOrderId -- Time elapsed: 0.002 s <<< ERROR!
java.lang.NoSuchMethodError: 'com.binance.connector.futures.client.impl.um_futures.UMAccount com.binance.connector.futures.client.impl.UMFuturesClientImpl.account()'
	at unit.um_futures.account.TestUMQueryOrder.testQueryOrderWithOrigClientOrderId(TestUMQueryOrder.java:78)
	at java.base/java.lang.reflect.Method.invoke(Method.java:568)

