-------------------------------------------------------------------------------
Test set: unit.um_futures.userdata.TestUMExtendListenKey
-------------------------------------------------------------------------------
Tests run: 1, Failures: 0, Errors: 1, Skipped: 0, Time elapsed: 0.006 s <<< FAILURE! -- in unit.um_futures.userdata.TestUMExtendListenKey
unit.um_futures.userdata.TestUMExtendListenKey.testExtendListenKey -- Time elapsed: 0.005 s <<< ERROR!
java.lang.NoSuchMethodError: 'com.binance.connector.futures.client.impl.um_futures.UMUserData com.binance.connector.futures.client.impl.UMFuturesClientImpl.userData()'
	at unit.um_futures.userdata.TestUMExtendListenKey.testExtendListenKey(TestUMExtendListenKey.java:30)
	at java.base/java.lang.reflect.Method.invoke(Method.java:568)

