-------------------------------------------------------------------------------
Test set: unit.um_futures.account.TestUMModifyIsolatedPositionMargin
-------------------------------------------------------------------------------
Tests run: 2, Failures: 1, Errors: 1, Skipped: 0, Time elapsed: 0.009 s <<< FAILURE! -- in unit.um_futures.account.TestUMModifyIsolatedPositionMargin
unit.um_futures.account.TestUMModifyIsolatedPositionMargin.testModifyIsolatedPositionMarginWithoutParameters -- Time elapsed: 0.004 s <<< FAILURE!
java.lang.AssertionError: unexpected exception type thrown; expected:<com.binance.connector.futures.client.exceptions.BinanceConnectorException> but was:<java.lang.NoSuchMethodError>
	at org.junit.Assert.assertThrows(Assert.java:1020)
	at org.junit.Assert.assertThrows(Assert.java:981)
	at unit.um_futures.account.TestUMModifyIsolatedPositionMargin.testModifyIsolatedPositionMarginWithoutParameters(TestUMModifyIsolatedPositionMargin.java:37)
	at java.base/java.lang.reflect.Method.invoke(Method.java:568)
Caused by: java.lang.NoSuchMethodError: 'com.binance.connector.futures.client.impl.um_futures.UMAccount com.binance.connector.futures.client.impl.UMFuturesClientImpl.account()'
	at unit.um_futures.account.TestUMModifyIsolatedPositionMargin.lambda$testModifyIsolatedPositionMarginWithoutParameters$0(TestUMModifyIsolatedPositionMargin.java:37)
	at org.junit.Assert.assertThrows(Assert.java:1001)
	... 3 more

unit.um_futures.account.TestUMModifyIsolatedPositionMargin.testModifyIsolatedPositionMargin -- Time elapsed: 0.004 s <<< ERROR!
java.lang.NoSuchMethodError: 'com.binance.connector.futures.client.impl.um_futures.UMAccount com.binance.connector.futures.client.impl.UMFuturesClientImpl.account()'
	at unit.um_futures.account.TestUMModifyIsolatedPositionMargin.testModifyIsolatedPositionMargin(TestUMModifyIsolatedPositionMargin.java:52)
	at java.base/java.lang.reflect.Method.invoke(Method.java:568)

